<?xml version="1.0" encoding="UTF-8"?>
<!-- Generated by org.testng.reporters.JUnitReportReporter -->
<testsuite skipped="0" hostname="DESKTOP-8SKO70U" name="test.DriverScript" tests="3" failures="0" timestamp="14 Mar 2019 09:56:03 GMT" time="26.456" errors="0">
  <testcase name="Jira" time="19.103" classname="test.DriverScript"/>
  <testcase name="JiraId_1200" time="3.745" classname="test.DriverScript"/>
  <testcase name="JiraId_1201" time="3.608" classname="test.DriverScript"/>
</testsuite> <!-- test.DriverScript -->
