<?xml version="1.0" encoding="UTF-8"?>
<!-- Generated by org.testng.reporters.JUnitReportReporter -->
<testsuite skipped="0" hostname="DESKTOP-8SKO70U" name="test.DriverScript" tests="1" failures="0" timestamp="22 May 2019 09:44:55 GMT" time="26.109" errors="0">
  <testcase name="JiraId_1206" time="26.109" classname="test.DriverScript"/>
</testsuite> <!-- test.DriverScript -->
