<?xml version="1.0" encoding="UTF-8"?>
<!-- Generated by org.testng.reporters.JUnitReportReporter -->
<testsuite skipped="0" hostname="DESKTOP-8SKO70U" name="test.DriverScript" tests="1" failures="0" timestamp="2020-01-12T20:21:04 IST" time="35.686" errors="0">
  <testcase name="JiraId_1207" time="35.686" classname="test.DriverScript"/>
</testsuite> <!-- test.DriverScript -->
