<?xml version="1.0" encoding="UTF-8"?>
<!-- Generated by org.testng.reporters.JUnitReportReporter -->
<testsuite skipped="0" hostname="DESKTOP-8SKO70U" name="test.DriverScript" tests="8" failures="0" timestamp="2020-02-27T17:53:59 IST" time="64.334" errors="0">
  <testcase name="Jira" time="9.827" classname="test.DriverScript"/>
  <testcase name="JiraId_1200" time="3.177" classname="test.DriverScript"/>
  <testcase name="JiraId_1201" time="39.954" classname="test.DriverScript"/>
  <testcase name="JiraId_1202" time="2.931" classname="test.DriverScript"/>
  <testcase name="Jira_1203" time="2.782" classname="test.DriverScript"/>
  <testcase name="Jira_1205" time="2.135" classname="test.DriverScript"/>
  <testcase name="JiraId_1207" time="2.340" classname="test.DriverScript"/>
  <testcase name="Jira_1204" time="1.188" classname="test.DriverScript"/>
</testsuite> <!-- test.DriverScript -->
