<?xml version="1.0" encoding="UTF-8"?>
<!-- Generated by org.testng.reporters.JUnitReportReporter -->
<testsuite skipped="0" hostname="DESKTOP-8SKO70U" name="test.DriverScript" tests="8" failures="0" timestamp="2020-02-27T17:21:00 IST" time="76.358" errors="0">
  <testcase name="Jira" time="15.395" classname="test.DriverScript"/>
  <testcase name="JiraId_1200" time="7.116" classname="test.DriverScript"/>
  <testcase name="JiraId_1201" time="40.437" classname="test.DriverScript"/>
  <testcase name="JiraId_1202" time="2.513" classname="test.DriverScript"/>
  <testcase name="Jira_1203" time="3.770" classname="test.DriverScript"/>
  <testcase name="Jira_1205" time="2.861" classname="test.DriverScript"/>
  <testcase name="JiraId_1207" time="2.395" classname="test.DriverScript"/>
  <testcase name="Jira_1204" time="1.871" classname="test.DriverScript"/>
</testsuite> <!-- test.DriverScript -->
