<?xml version="1.0" encoding="UTF-8"?>
<!-- Generated by org.testng.reporters.JUnitReportReporter -->
<testsuite skipped="0" hostname="DESKTOP-8SKO70U" name="test.DriverScript" tests="1" failures="0" timestamp="2020-01-14T09:46:46 IST" time="43.765" errors="0">
  <testcase name="JiraId_1207" time="43.765" classname="test.DriverScript"/>
</testsuite> <!-- test.DriverScript -->
