<?xml version="1.0" encoding="UTF-8"?>
<!-- Generated by org.testng.reporters.JUnitReportReporter -->
<testsuite skipped="0" hostname="DESKTOP-8SKO70U" name="test.DriverScript" tests="7" failures="0" timestamp="05 May 2019 03:48:49 GMT" time="52.872" errors="0">
  <testcase name="Jira" time="19.226" classname="test.DriverScript"/>
  <testcase name="JiraId_1200" time="7.390" classname="test.DriverScript"/>
  <testcase name="JiraId_1201" time="7.775" classname="test.DriverScript"/>
  <testcase name="JiraId_1202" time="7.000" classname="test.DriverScript"/>
  <testcase name="Jira_1203" time="4.158" classname="test.DriverScript"/>
  <testcase name="Jira_1205" time="3.986" classname="test.DriverScript"/>
  <testcase name="Jira_1204" time="3.337" classname="test.DriverScript"/>
</testsuite> <!-- test.DriverScript -->
