<?xml version="1.0" encoding="UTF-8"?>
<!-- Generated by org.testng.reporters.JUnitReportReporter -->
<testsuite skipped="0" hostname="DESKTOP-8SKO70U" name="test.DriverScript" tests="1" failures="0" timestamp="2020-01-11T14:06:40 IST" time="39.089" errors="0">
  <testcase name="JiraId_1207" time="39.089" classname="test.DriverScript"/>
</testsuite> <!-- test.DriverScript -->
