<?xml version="1.0" encoding="UTF-8"?>
<!-- Generated by org.testng.reporters.JUnitReportReporter -->
<testsuite skipped="0" hostname="DESKTOP-8SKO70U" name="test.DriverScript" tests="2" failures="0" timestamp="2020-02-26T13:13:55 IST" time="11.357" errors="0">
  <testcase name="Jira" time="6.409" classname="test.DriverScript"/>
  <testcase name="JiraId_1200" time="4.948" classname="test.DriverScript"/>
</testsuite> <!-- test.DriverScript -->
